This is pdfTeX, Version 3.1415926-1.40.10 (TeX Live 2009/Debian) (format=pdflatex 2010.12.15)  9 MAR 2011 21:24
entering extended mode
 restricted \write18 enabled.
 %&-line parsing enabled.
**cloud-ctrl.tex
(./cloud-ctrl.tex
LaTeX2e <2009/09/24>
Babel <v3.8l> and hyphenation patterns for english, usenglishmax, dumylang, noh
yphenation, loaded.
(/usr/share/texmf-texlive/tex/latex/base/article.cls
Document Class: article 2007/10/19 v1.4h Standard LaTeX document class
(/usr/share/texmf-texlive/tex/latex/base/size10.clo
File: size10.clo 2007/10/19 v1.4h Standard LaTeX file (size option)
)
\c@part=\count79
\c@section=\count80
\c@subsection=\count81
\c@subsubsection=\count82
\c@paragraph=\count83
\c@subparagraph=\count84
\c@figure=\count85
\c@table=\count86
\abovecaptionskip=\skip41
\belowcaptionskip=\skip42
\bibindent=\dimen102
) (./sose2011.sty
IEEE 8.5 x 11-Inch Proceedings Style `latex8.sty'.
\@ctmp=\skip43
\@figindent=\skip44
) (/usr/share/texmf-texlive/tex/latex/psnfss/times.sty
Package: times 2005/04/12 PSNFSS-v9.2a (SPQR) 
)
(/usr/share/texmf-texlive/tex/latex/graphics/graphicx.sty
Package: graphicx 1999/02/16 v1.0f Enhanced LaTeX Graphics (DPC,SPQR)

(/usr/share/texmf-texlive/tex/latex/graphics/keyval.sty
Package: keyval 1999/03/16 v1.13 key=value parser (DPC)
\KV@toks@=\toks14
)
(/usr/share/texmf-texlive/tex/latex/graphics/graphics.sty
Package: graphics 2009/02/05 v1.0o Standard LaTeX Graphics (DPC,SPQR)

(/usr/share/texmf-texlive/tex/latex/graphics/trig.sty
Package: trig 1999/03/16 v1.09 sin cos tan (DPC)
)
(/etc/texmf/tex/latex/config/graphics.cfg
File: graphics.cfg 2009/08/28 v1.8 graphics configuration of TeX Live
)
Package graphics Info: Driver file: pdftex.def on input line 91.

(/usr/share/texmf-texlive/tex/latex/pdftex-def/pdftex.def
File: pdftex.def 2009/08/25 v0.04m Graphics/color for pdfTeX
\Gread@gobject=\count87
))
\Gin@req@height=\dimen103
\Gin@req@width=\dimen104
)

LaTeX Warning: Unused global option(s):
    [times].

(./cloud-ctrl.aux)
\openout1 = `cloud-ctrl.aux'.

LaTeX Font Info:    Checking defaults for OML/cmm/m/it on input line 14.
LaTeX Font Info:    ... okay on input line 14.
LaTeX Font Info:    Checking defaults for T1/cmr/m/n on input line 14.
LaTeX Font Info:    ... okay on input line 14.
LaTeX Font Info:    Checking defaults for OT1/cmr/m/n on input line 14.
LaTeX Font Info:    ... okay on input line 14.
LaTeX Font Info:    Checking defaults for OMS/cmsy/m/n on input line 14.
LaTeX Font Info:    ... okay on input line 14.
LaTeX Font Info:    Checking defaults for OMX/cmex/m/n on input line 14.
LaTeX Font Info:    ... okay on input line 14.
LaTeX Font Info:    Checking defaults for U/cmr/m/n on input line 14.
LaTeX Font Info:    ... okay on input line 14.
LaTeX Font Info:    Try loading font information for OT1+ptm on input line 14.
 (/usr/share/texmf-texlive/tex/latex/psnfss/ot1ptm.fd
File: ot1ptm.fd 2001/06/04 font definitions for OT1/ptm.
)
(/usr/share/texmf-texlive/tex/context/base/supp-pdf.mkii
[Loading MPS to PDF converter (version 2006.09.02).]
\scratchcounter=\count88
\scratchdimen=\dimen105
\scratchbox=\box26
\nofMPsegments=\count89
\nofMParguments=\count90
\everyMPshowfont=\toks15
\MPscratchCnt=\count91
\MPscratchDim=\dimen106
\MPnumerator=\count92
\everyMPtoPDFconversion=\toks16
)
LaTeX Font Info:    Font shape `OT1/ptm/bx/n' in size <14.4> not available
(Font)              Font shape `OT1/ptm/b/n' tried instead on input line 27.
LaTeX Font Info:    External font `cmex10' loaded for size
(Font)              <12> on input line 27.
LaTeX Font Info:    External font `cmex10' loaded for size
(Font)              <8> on input line 27.
LaTeX Font Info:    External font `cmex10' loaded for size
(Font)              <6> on input line 27.
LaTeX Font Info:    Font shape `OT1/ptm/bx/n' in size <12> not available
(Font)              Font shape `OT1/ptm/b/n' tried instead on input line 27.
LaTeX Font Info:    Try loading font information for OMS+ptm on input line 27.
 (/usr/share/texmf-texlive/tex/latex/psnfss/omsptm.fd
File: omsptm.fd 
)
LaTeX Font Info:    Font shape `OMS/ptm/m/n' in size <9> not available
(Font)              Font shape `OMS/cmsy/m/n' tried instead on input line 27.
LaTeX Font Info:    Font shape `OT1/ptm/bx/n' in size <10> not available
(Font)              Font shape `OT1/ptm/b/n' tried instead on input line 30.


LaTeX Warning: Citation `Sose:SageCuppan:2001' on page 1 undefined on input lin
e 40.


LaTeX Warning: Citation `Sose:Web:Defns' on page 1 undefined on input line 40.


LaTeX Warning: Citation `WSA' on page 1 undefined on input line 40.


LaTeX Warning: Citation `WSLA' on page 1 undefined on input line 40.


LaTeX Warning: Citation `WSP' on page 1 undefined on input line 40.


LaTeX Warning: Citation `PaRaSh:09' on page 1 undefined on input line 40.


LaTeX Warning: Citation `BlCl:01' on page 1 undefined on input line 46.


LaTeX Warning: Citation `Cl:88' on page 1 undefined on input line 46.


LaTeX Warning: Citation `ClWrSoBr:02' on page 1 undefined on input line 46.


LaTeX Warning: Citation `PaSa:04' on page 1 undefined on input line 46.


LaTeX Warning: Citation `JaHeLa:10' on page 1 undefined on input line 46.


LaTeX Warning: Citation `JaHeMa:06' on page 1 undefined on input line 46.


LaTeX Warning: Citation `JaHe:09' on page 1 undefined on input line 46.


LaTeX Warning: Citation `JaHe:04' on page 1 undefined on input line 46.


LaTeX Warning: Citation `HeJa:05' on page 1 undefined on input line 46.


LaTeX Warning: Citation `KoLaMaMi:04' on page 1 undefined on input line 46.


LaTeX Warning: Citation `coral' on page 1 undefined on input line 46.


LaTeX Warning: Citation `marlin' on page 1 undefined on input line 46.

[1{/var/lib/texmf/fonts/map/pdftex/updmap/pdftex.map}


]

LaTeX Warning: Citation `Bu:09' on page 2 undefined on input line 55.


LaTeX Warning: Citation `BuYeVeBrBr:09' on page 2 undefined on input line 55.


LaTeX Warning: Citation `AWS' on page 2 undefined on input line 57.


Underfull \vbox (badness 5050) has occurred while \output is active []



LaTeX Warning: Citation `WSA' on page 2 undefined on input line 59.


LaTeX Warning: Citation `WSLA' on page 2 undefined on input line 59.


LaTeX Warning: Citation `WSP' on page 2 undefined on input line 59.


LaTeX Warning: Citation `PaRaSh:09' on page 2 undefined on input line 59.


LaTeX Warning: Citation `PaSc:06' on page 2 undefined on input line 59.

[2]
No file cloud-ctrl.bbl.
[3

] (./cloud-ctrl.aux)

LaTeX Warning: There were undefined references.

 ) 
Here is how much of TeX's memory you used:
 1022 strings out of 495061
 12759 string characters out of 1182620
 69663 words of memory out of 3000000
 4222 multiletter control sequences out of 15000+50000
 20659 words of font info for 41 fonts, out of 3000000 for 9000
 31 hyphenation exceptions out of 8191
 25i,8n,21p,1822b,325s stack positions out of 5000i,500n,10000p,200000b,50000s
{/usr/share/texmf-texlive/fonts/enc/dvips/base/8r.enc}</usr/share/texmf-texli
ve/fonts/type1/public/amsfonts/cm/cmsy9.pfb></usr/share/texmf-texlive/fonts/typ
e1/urw/times/utmb8a.pfb></usr/share/texmf-texlive/fonts/type1/urw/times/utmr8a.
pfb></usr/share/texmf-texlive/fonts/type1/urw/times/utmri8a.pfb>
Output written on cloud-ctrl.pdf (3 pages, 61687 bytes).
PDF statistics:
 29 PDF objects out of 1000 (max. 8388607)
 0 named destinations out of 1000 (max. 500000)
 1 words of extra memory for PDF output out of 10000 (max. 10000000)

